<?xml version="1.0" encoding="UTF-8"?>
<!-- Generated by org.testng.reporters.JUnitReportReporter -->
<testsuite skipped="0" hostname="LAPTOP-EUBP25UQ" name="testScripts.HotelsFunctionalityTest" tests="1" failures="0" timestamp="2023-03-07T20:37:36 IST" time="0.829" errors="0">
  <testcase name="verifyDifferentHotelsBookingOption" time="0.829" classname="testScripts.HotelsFunctionalityTest"/>
  <system-out/>
</testsuite> <!-- testScripts.HotelsFunctionalityTest -->
