<?xml version="1.0" encoding="UTF-8"?>
<!-- Generated by org.testng.reporters.JUnitReportReporter -->
<testsuite skipped="0" hostname="LAPTOP-EUBP25UQ" name="testScripts.HomePageTest" tests="4" failures="0" timestamp="2023-03-05T20:40:01 IST" time="6.208" errors="0">
  <testcase name="urlTest" time="0.022" classname="testScripts.HomePageTest"/>
  <system-out/>
  <testcase name="logoTest" time="0.219" classname="testScripts.HomePageTest"/>
  <system-out/>
  <testcase name="verifyFlightsOption" time="4.612" classname="testScripts.HomePageTest"/>
  <system-out/>
  <testcase name="verifyHotelsOption" time="1.355" classname="testScripts.HomePageTest"/>
  <system-out/>
</testsuite> <!-- testScripts.HomePageTest -->
