<?xml version="1.0" encoding="UTF-8"?>
<!-- Generated by org.testng.reporters.JUnitReportReporter -->
<testsuite skipped="0" hostname="LAPTOP-EUBP25UQ" name="testScripts.FlightsFunctionalityTest" tests="3" failures="0" timestamp="2023-03-07T20:16:44 IST" time="10.908" errors="0">
  <testcase name="verifyDifferentTripOptions" time="2.307" classname="testScripts.FlightsFunctionalityTest"/>
  <system-out/>
  <testcase name="verifyDefaultTripSelection" time="0.054" classname="testScripts.FlightsFunctionalityTest"/>
  <system-out/>
  <testcase name="serachFlights" time="8.547" classname="testScripts.FlightsFunctionalityTest"/>
  <system-out/>
</testsuite> <!-- testScripts.FlightsFunctionalityTest -->
